Moapp/app/build/intermediates/manifest_merge_blame_file/debug/manifest-merger-blame-debug-report.txt
1<?xml version="1.0" encoding="utf-8"?>
2<manifest xmlns:android="http://schemas.android.com/apk/res/android"
3    package="com.example.moapp"
4    android:versionCode="1"
5    android:versionName="1.0" >
6
7    <uses-sdk
8        android:minSdkVersion="21"
8-->src\main\AndroidManifest.xml
9        android:targetSdkVersion="32" />
9-->src\main\AndroidManifest.xml
10
11    <uses-permission android:name="android.permission.INTERNET" />
11-->[com.google.android.gms:play-services-measurement-api:21.0.0] AndroidManifest.xml:22:5-67
11-->[com.google.android.gms:play-services-measurement-api:21.0.0] AndroidManifest.xml:22:22-64
12    <uses-permission android:name="android.permission.ACCESS_NETWORK_STATE" />
12-->[com.google.android.gms:play-services-measurement-api:21.0.0] AndroidManifest.xml:23:5-79
12-->[com.google.android.gms:play-services-measurement-api:21.0.0] AndroidManifest.xml:23:22-76
13    <uses-permission android:name="android.permission.WAKE_LOCK" />
13-->[com.google.android.gms:play-services-measurement-api:21.0.0] AndroidManifest.xml:24:5-68
13-->[com.google.android.gms:play-services-measurement-api:21.0.0] AndroidManifest.xml:24:22-65
14    <uses-permission android:name="com.google.android.gms.permission.AD_ID" />
14-->[com.google.android.gms:play-services-measurement-api:21.0.0] AndroidManifest.xml:25:5-79
14-->[com.google.android.gms:play-services-measurement-api:21.0.0] AndroidManifest.xml:25:22-76
15    <uses-permission android:name="com.google.android.finsky.permission.BIND_GET_INSTALL_REFERRER_SERVICE" />
15-->[com.google.android.gms:play-services-measurement:21.0.0] AndroidManifest.xml:26:5-110
15-->[com.google.android.gms:play-services-measurement:21.0.0] AndroidManifest.xml:26:22-107
16
17    <application
17-->src\main\AndroidManifest.xml:5:5-21:19
18        android:allowBackup="true"
18-->src\main\AndroidManifest.xml:6:9-35
19        android:appComponentFactory="androidx.core.app.CoreComponentFactory"
19-->[androidx.core:core:1.7.0] AndroidManifest.xml:24:18-86
20        android:debuggable="true"
21        android:icon="@mipmap/ic_launcher"
21-->src\main\AndroidManifest.xml:7:9-43
22        android:label="@string/app_name"
22-->src\main\AndroidManifest.xml:8:9-41
23        android:roundIcon="@mipmap/ic_launcher_round"
23-->src\main\AndroidManifest.xml:9:9-54
24        android:supportsRtl="true"
24-->src\main\AndroidManifest.xml:10:9-35
25        android:testOnly="true"
26        android:theme="@style/Theme.Moapp" >
26-->src\main\AndroidManifest.xml:11:9-43
27        <activity
27-->src\main\AndroidManifest.xml:12:9-20:20
28            android:name="com.example.moapp.AddScheduleActivity"
28-->src\main\AndroidManifest.xml:13:13-48
29            android:exported="true" >
29-->src\main\AndroidManifest.xml:14:13-36
30            <intent-filter>
30-->src\main\AndroidManifest.xml:15:13-19:29
31                <action android:name="android.intent.action.MAIN" />
31-->src\main\AndroidManifest.xml:16:17-69
31-->src\main\AndroidManifest.xml:16:25-66
32
33                <category android:name="android.intent.category.LAUNCHER" />
33-->src\main\AndroidManifest.xml:18:17-77
33-->src\main\AndroidManifest.xml:18:27-74
34            </intent-filter>
35        </activity>
36
37        <service
37-->[com.google.android.gms:play-services-measurement-api:21.0.0] AndroidManifest.xml:28:9-34:19
38            android:name="com.google.firebase.components.ComponentDiscoveryService"
38-->[com.google.android.gms:play-services-measurement-api:21.0.0] AndroidManifest.xml:29:13-84
39            android:directBootAware="true"
39-->[com.google.firebase:firebase-common:20.1.1] AndroidManifest.xml:35:13-43
40            android:exported="false" >
40-->[com.google.android.gms:play-services-measurement-api:21.0.0] AndroidManifest.xml:30:13-37
41            <meta-data
41-->[com.google.android.gms:play-services-measurement-api:21.0.0] AndroidManifest.xml:31:13-33:85
42                android:name="com.google.firebase.components:com.google.firebase.analytics.connector.internal.AnalyticsConnectorRegistrar"
42-->[com.google.android.gms:play-services-measurement-api:21.0.0] AndroidManifest.xml:32:17-139
43                android:value="com.google.firebase.components.ComponentRegistrar" />
43-->[com.google.android.gms:play-services-measurement-api:21.0.0] AndroidManifest.xml:33:17-82
44            <meta-data
44-->[com.google.firebase:firebase-installations:17.0.1] AndroidManifest.xml:18:13-20:85
45                android:name="com.google.firebase.components:com.google.firebase.installations.FirebaseInstallationsRegistrar"
45-->[com.google.firebase:firebase-installations:17.0.1] AndroidManifest.xml:19:17-127
46                android:value="com.google.firebase.components.ComponentRegistrar" />
46-->[com.google.firebase:firebase-installations:17.0.1] AndroidManifest.xml:20:17-82
47        </service>
48
49        <provider
49-->[com.google.firebase:firebase-common:20.1.1] AndroidManifest.xml:26:9-31:39
50            android:name="com.google.firebase.provider.FirebaseInitProvider"
50-->[com.google.firebase:firebase-common:20.1.1] AndroidManifest.xml:27:13-77
51            android:authorities="com.example.moapp.firebaseinitprovider"
51-->[com.google.firebase:firebase-common:20.1.1] AndroidManifest.xml:28:13-72
52            android:directBootAware="true"
52-->[com.google.firebase:firebase-common:20.1.1] AndroidManifest.xml:29:13-43
53            android:exported="false"
53-->[com.google.firebase:firebase-common:20.1.1] AndroidManifest.xml:30:13-37
54            android:initOrder="100" />
54-->[com.google.firebase:firebase-common:20.1.1] AndroidManifest.xml:31:13-36
55
56        <receiver
56-->[com.google.android.gms:play-services-measurement:21.0.0] AndroidManifest.xml:29:9-33:20
57            android:name="com.google.android.gms.measurement.AppMeasurementReceiver"
57-->[com.google.android.gms:play-services-measurement:21.0.0] AndroidManifest.xml:30:13-85
58            android:enabled="true"
58-->[com.google.android.gms:play-services-measurement:21.0.0] AndroidManifest.xml:31:13-35
59            android:exported="false" >
59-->[com.google.android.gms:play-services-measurement:21.0.0] AndroidManifest.xml:32:13-37
60        </receiver>
61
62        <service
62-->[com.google.android.gms:play-services-measurement:21.0.0] AndroidManifest.xml:35:9-38:40
63            android:name="com.google.android.gms.measurement.AppMeasurementService"
63-->[com.google.android.gms:play-services-measurement:21.0.0] AndroidManifest.xml:36:13-84
64            android:enabled="true"
64-->[com.google.android.gms:play-services-measurement:21.0.0] AndroidManifest.xml:37:13-35
65            android:exported="false" />
65-->[com.google.android.gms:play-services-measurement:21.0.0] AndroidManifest.xml:38:13-37
66        <service
66-->[com.google.android.gms:play-services-measurement:21.0.0] AndroidManifest.xml:39:9-43:72
67            android:name="com.google.android.gms.measurement.AppMeasurementJobService"
67-->[com.google.android.gms:play-services-measurement:21.0.0] AndroidManifest.xml:40:13-87
68            android:enabled="true"
68-->[com.google.android.gms:play-services-measurement:21.0.0] AndroidManifest.xml:41:13-35
69            android:exported="false"
69-->[com.google.android.gms:play-services-measurement:21.0.0] AndroidManifest.xml:42:13-37
70            android:permission="android.permission.BIND_JOB_SERVICE" />
70-->[com.google.android.gms:play-services-measurement:21.0.0] AndroidManifest.xml:43:13-69
71
72        <meta-data
72-->[com.google.android.gms:play-services-basement:18.0.0] AndroidManifest.xml:21:9-23:69
73            android:name="com.google.android.gms.version"
73-->[com.google.android.gms:play-services-basement:18.0.0] AndroidManifest.xml:22:13-58
74            android:value="@integer/google_play_services_version" />
74-->[com.google.android.gms:play-services-basement:18.0.0] AndroidManifest.xml:23:13-66
75
76        <provider
76-->[androidx.emoji2:emoji2:1.0.0] AndroidManifest.xml:26:9-34:20
77            android:name="androidx.startup.InitializationProvider"
77-->[androidx.emoji2:emoji2:1.0.0] AndroidManifest.xml:27:13-67
78            android:authorities="com.example.moapp.androidx-startup"
78-->[androidx.emoji2:emoji2:1.0.0] AndroidManifest.xml:28:13-68
79            android:exported="false" >
79-->[androidx.emoji2:emoji2:1.0.0] AndroidManifest.xml:29:13-37
80            <meta-data
80-->[androidx.emoji2:emoji2:1.0.0] AndroidManifest.xml:31:13-33:52
81                android:name="androidx.emoji2.text.EmojiCompatInitializer"
81-->[androidx.emoji2:emoji2:1.0.0] AndroidManifest.xml:32:17-75
82                android:value="androidx.startup" />
82-->[androidx.emoji2:emoji2:1.0.0] AndroidManifest.xml:33:17-49
83            <meta-data
83-->[androidx.lifecycle:lifecycle-process:2.4.0] AndroidManifest.xml:31:13-33:52
84                android:name="androidx.lifecycle.ProcessLifecycleInitializer"
84-->[androidx.lifecycle:lifecycle-process:2.4.0] AndroidManifest.xml:32:17-78
85                android:value="androidx.startup" />
85-->[androidx.lifecycle:lifecycle-process:2.4.0] AndroidManifest.xml:33:17-49
86        </provider>
87    </application>
88
89</manifest>